Case #1: 1 0
Case #2: 1 0
Case #3: 1 1
Case #4: 0 0
Case #5: 500 499
Case #6: 1 0
Case #7: 500000 499999
Case #8: 0 0
Case #9: 0 0
Case #10: 0 0
Case #11: 250000 249999
Case #12: 1 0
Case #13: 3906 3905
Case #14: 1 1
Case #15: 0 0
Case #16: 0 0
Case #17: 0 0
Case #18: 0 0
Case #19: 0 0
Case #20: 0 0
Case #21: 0 0
Case #22: 0 0
Case #23: 0 0
Case #24: 1 1
Case #25: 0 0
Case #26: 1 0
Case #27: 1 1
Case #28: 0 0
Case #29: 3 2
Case #30: 1 1
Case #31: 0 0
Case #32: 1 0
Case #33: 125000 124999
Case #34: 1 0
Case #35: 0 0
Case #36: 1 0
Case #37: 0 0
Case #38: 0 0
Case #39: 0 0
Case #40: 1 1
Case #41: 0 0
Case #42: 0 0
Case #43: 0 0
Case #44: 0 0
Case #45: 1 0
Case #46: 0 0
Case #47: 0 0
Case #48: 0 0
Case #49: 1953 1952
Case #50: 3906 3905
Case #51: 1 1
Case #52: 1 0
Case #53: 249999 249999
Case #54: 0 0
Case #55: 0 0
Case #56: 3905 3905
Case #57: 0 0
Case #58: 0 0
Case #59: 1 1
Case #60: 0 0
Case #61: 7812 7811
Case #62: 0 0
Case #63: 1 0
Case #64: 1 0
Case #65: 0 0
Case #66: 0 0
Case #67: 1 0
Case #68: 3 2
Case #69: 0 0
Case #70: 0 0
Case #71: 0 0
Case #72: 0 0
Case #73: 499999 499999
Case #74: 1 0
Case #75: 0 0
Case #76: 3 2
Case #77: 1 0
Case #78: 0 0
Case #79: 1 1
Case #80: 250000 249999
Case #81: 0 0
Case #82: 0 0
Case #83: 1 0
Case #84: 2 1
Case #85: 1 0
Case #86: 0 0
Case #87: 1 1
Case #88: 1 1
Case #89: 0 0
Case #90: 0 0
Case #91: 1 0
Case #92: 1 0
Case #93: 2 2
Case #94: 0 0
Case #95: 1 0
Case #96: 0 0
Case #97: 0 0
Case #98: 0 0
Case #99: 7812 7811
Case #100: 1 0
