Case #1: 1 0
Case #2: 1 0
Case #3: 1 1
Case #4: 0 0
Case #5: 500 499
Case #6: 1 0
Case #7: 0 0
Case #8: 1 0
Case #9: 250000 249999
Case #10: 0 0
Case #11: 1 0
Case #12: 1 1
Case #13: 0 0
Case #14: 0 0
Case #15: 0 0
Case #16: 0 0
Case #17: 2 1
Case #18: 0 0
Case #19: 0 0
Case #20: 0 0
Case #21: 3906 3905
Case #22: 1 0
Case #23: 0 0
Case #24: 0 0
Case #25: 1 0
Case #26: 1 0
Case #27: 1 1
Case #28: 1 0
Case #29: 0 0
Case #30: 249999 249999
Case #31: 1 1
Case #32: 0 0
Case #33: 0 0
Case #34: 7812 7811
Case #35: 1 0
Case #36: 0 0
Case #37: 0 0
Case #38: 0 0
Case #39: 0 0
Case #40: 3 2
Case #41: 0 0
Case #42: 0 0
Case #43: 0 0
Case #44: 1953 1952
Case #45: 1 1
Case #46: 0 0
Case #47: 1 0
Case #48: 1 0
Case #49: 1 0
Case #50: 0 0
Case #51: 0 0
Case #52: 1 1
Case #53: 1 0
Case #54: 0 0
Case #55: 0 0
Case #56: 1 0
Case #57: 0 0
Case #58: 3 2
Case #59: 1 0
Case #60: 0 0
Case #61: 7812 7811
Case #62: 0 0
Case #63: 1 1
Case #64: 0 0
Case #65: 0 0
Case #66: 3 2
Case #67: 0 0
Case #68: 0 0
Case #69: 0 0
Case #70: 0 0
Case #71: 2 2
Case #72: 0 0
Case #73: 1 1
Case #74: 3906 3905
Case #75: 499999 499999
Case #76: 1 1
Case #77: 0 0
Case #78: 1 0
Case #79: 1 0
Case #80: 0 0
Case #81: 0 0
Case #82: 1 0
Case #83: 0 0
Case #84: 0 0
Case #85: 1 1
Case #86: 0 0
Case #87: 0 0
Case #88: 125000 124999
Case #89: 0 0
Case #90: 0 0
Case #91: 250000 249999
Case #92: 1 0
Case #93: 1 1
Case #94: 0 0
Case #95: 0 0
Case #96: 500000 499999
Case #97: 1 0
Case #98: 0 0
Case #99: 3905 3905
Case #100: 0 0
