Case #1: 1 0
Case #2: 1 0
Case #3: 1 1
Case #4: 0 0
Case #5: 500 499
Case #6: 1 0
Case #7: 3 3
Case #8: 1 1
Case #9: 250 249
Case #10: 0 0
Case #11: 0 0
Case #12: 0 0
Case #13: 1 0
Case #14: 499 499
Case #15: 1 1
Case #16: 0 0
Case #17: 0 0
Case #18: 0 0
Case #19: 250 249
Case #20: 0 0
Case #21: 1 0
Case #22: 0 0
Case #23: 0 0
Case #24: 1 0
Case #25: 0 0
Case #26: 2 2
Case #27: 0 0
Case #28: 1 0
Case #29: 0 0
Case #30: 0 0
Case #31: 0 0
Case #32: 0 0
Case #33: 1 0
Case #34: 7 6
Case #35: 1 0
Case #36: 0 0
Case #37: 3 2
Case #38: 0 0
Case #39: 1 1
Case #40: 1 0
Case #41: 0 0
Case #42: 0 0
Case #43: 7 6
Case #44: 0 0
Case #45: 0 0
Case #46: 1 1
Case #47: 1 1
Case #48: 1 0
Case #49: 3 3
Case #50: 0 0
Case #51: 0 0
Case #52: 0 0
Case #53: 0 0
Case #54: 1 0
Case #55: 0 0
Case #56: 1 1
Case #57: 0 0
Case #58: 0 0
Case #59: 0 0
Case #60: 0 0
Case #61: 1 1
Case #62: 1 0
Case #63: 1 0
Case #64: 1 0
Case #65: 0 0
Case #66: 0 0
Case #67: 0 0
Case #68: 0 0
Case #69: 0 0
Case #70: 1 0
Case #71: 0 0
Case #72: 125 124
Case #73: 0 0
Case #74: 0 0
Case #75: 0 0
Case #76: 0 0
Case #77: 0 0
Case #78: 2 1
Case #79: 0 0
Case #80: 249 249
Case #81: 0 0
Case #82: 1 0
Case #83: 1 0
Case #84: 1 1
Case #85: 1 0
Case #86: 3 3
Case #87: 0 0
Case #88: 0 0
Case #89: 0 0
Case #90: 0 0
Case #91: 0 0
Case #92: 3 3
Case #93: 3 2
Case #94: 0 0
Case #95: 0 0
Case #96: 3 2
Case #97: 3 2
Case #98: 1 0
Case #99: 1 1
Case #100: 1 1
