Case #1: 1 0
Case #2: 1 0
Case #3: 1 1
Case #4: 0 0
Case #5: 500 499
Case #6: 0 0
Case #7: 0 0
Case #8: 1 0
Case #9: 1 0
Case #10: 0 0
Case #11: 0 0
Case #12: 0 0
Case #13: 0 0
Case #14: 3 3
Case #15: 0 0
Case #16: 1 0
Case #17: 0 0
Case #18: 0 0
Case #19: 0 0
Case #20: 0 0
Case #21: 0 0
Case #22: 0 0
Case #23: 1 0
Case #24: 3 3
Case #25: 0 0
Case #26: 0 0
Case #27: 0 0
Case #28: 3 3
Case #29: 0 0
Case #30: 0 0
Case #31: 1 1
Case #32: 2 1
Case #33: 1 1
Case #34: 1 0
Case #35: 0 0
Case #36: 0 0
Case #37: 1 1
Case #38: 0 0
Case #39: 7 6
Case #40: 0 0
Case #41: 1 1
Case #42: 1 0
Case #43: 250 249
Case #44: 0 0
Case #45: 0 0
Case #46: 0 0
Case #47: 0 0
Case #48: 0 0
Case #49: 0 0
Case #50: 0 0
Case #51: 3 2
Case #52: 1 1
Case #53: 0 0
Case #54: 1 0
Case #55: 0 0
Case #56: 1 0
Case #57: 0 0
Case #58: 0 0
Case #59: 0 0
Case #60: 1 0
Case #61: 3 3
Case #62: 3 2
Case #63: 1 0
Case #64: 0 0
Case #65: 249 249
Case #66: 0 0
Case #67: 0 0
Case #68: 1 0
Case #69: 0 0
Case #70: 0 0
Case #71: 0 0
Case #72: 0 0
Case #73: 0 0
Case #74: 7 6
Case #75: 0 0
Case #76: 499 499
Case #77: 1 0
Case #78: 0 0
Case #79: 1 1
Case #80: 0 0
Case #81: 3 2
Case #82: 0 0
Case #83: 0 0
Case #84: 1 0
Case #85: 1 1
Case #86: 0 0
Case #87: 2 2
Case #88: 0 0
Case #89: 125 124
Case #90: 1 0
Case #91: 1 0
Case #92: 0 0
Case #93: 1 1
Case #94: 1 0
Case #95: 3 2
Case #96: 250 249
Case #97: 1 0
Case #98: 1 1
Case #99: 1 1
Case #100: 1 0
