3
0
IMPOSSIBLE
1
22
121
IMPOSSIBLE
IMPOSSIBLE
IMPOSSIBLE
IMPOSSIBLE
IMPOSSIBLE
35
50
IMPOSSIBLE
1
3
IMPOSSIBLE
IMPOSSIBLE
5
IMPOSSIBLE
198
29
0
IMPOSSIBLE
IMPOSSIBLE
IMPOSSIBLE
28
336
0
7
IMPOSSIBLE
63
333
35
2
IMPOSSIBLE
IMPOSSIBLE
2
303
IMPOSSIBLE
IMPOSSIBLE
IMPOSSIBLE
43
164
999
IMPOSSIBLE
IMPOSSIBLE
IMPOSSIBLE
9
IMPOSSIBLE
IMPOSSIBLE
0
IMPOSSIBLE
39
IMPOSSIBLE
35
IMPOSSIBLE
500
1
IMPOSSIBLE
8
13
500
111
IMPOSSIBLE
IMPOSSIBLE
IMPOSSIBLE
39
IMPOSSIBLE
IMPOSSIBLE
IMPOSSIBLE
332
IMPOSSIBLE
114
IMPOSSIBLE
55
IMPOSSIBLE
1
3
IMPOSSIBLE
IMPOSSIBLE
IMPOSSIBLE
35
IMPOSSIBLE
IMPOSSIBLE
108
IMPOSSIBLE
IMPOSSIBLE
42
132
IMPOSSIBLE
12
IMPOSSIBLE
IMPOSSIBLE
998
IMPOSSIBLE
119
IMPOSSIBLE
67
500
